2021-01-17 23:02:57 [main] INFO  edu.epam.composite.parser.WordParser - Word parsed into symbols
2021-01-17 23:02:57 [main] INFO  edu.epam.composite.parser.LexemeParser - Lexeme parsed into words and symbols
2021-01-17 23:02:57 [main] INFO  edu.epam.composite.parser.WordParser - Word parsed into symbols
2021-01-17 23:02:57 [main] INFO  edu.epam.composite.parser.LexemeParser - Lexeme parsed into words and symbols
2021-01-17 23:02:57 [main] INFO  edu.epam.composite.parser.WordParser - Word parsed into symbols
2021-01-17 23:02:57 [main] INFO  edu.epam.composite.parser.LexemeParser - Lexeme parsed into words and symbols
2021-01-17 23:02:57 [main] INFO  edu.epam.composite.parser.WordParser - Word parsed into symbols
2021-01-17 23:02:57 [main] INFO  edu.epam.composite.parser.LexemeParser - Lexeme parsed into words and symbols
2021-01-17 23:02:57 [main] INFO  edu.epam.composite.parser.WordParser - Word parsed into symbols
2021-01-17 23:02:57 [main] INFO  edu.epam.composite.parser.WordParser - Word parsed into symbols
2021-01-17 23:02:57 [main] INFO  edu.epam.composite.parser.LexemeParser - Lexeme parsed into words and symbols
2021-01-17 23:02:57 [main] INFO  edu.epam.composite.parser.WordParser - Word parsed into symbols
2021-01-17 23:02:57 [main] INFO  edu.epam.composite.parser.LexemeParser - Lexeme parsed into words and symbols
2021-01-17 23:02:57 [main] INFO  edu.epam.composite.parser.WordParser - Word parsed into symbols
2021-01-17 23:02:57 [main] INFO  edu.epam.composite.parser.LexemeParser - Lexeme parsed into words and symbols
2021-01-17 23:02:57 [main] INFO  edu.epam.composite.parser.WordParser - Word parsed into symbols
2021-01-17 23:02:57 [main] INFO  edu.epam.composite.parser.LexemeParser - Lexeme parsed into words and symbols
2021-01-17 23:02:57 [main] INFO  edu.epam.composite.parser.WordParser - Word parsed into symbols
2021-01-17 23:02:57 [main] INFO  edu.epam.composite.parser.LexemeParser - Lexeme parsed into words and symbols
2021-01-17 23:02:57 [main] INFO  edu.epam.composite.parser.WordParser - Word parsed into symbols
2021-01-17 23:02:57 [main] INFO  edu.epam.composite.parser.LexemeParser - Lexeme parsed into words and symbols
2021-01-17 23:02:57 [main] INFO  edu.epam.composite.parser.WordParser - Word parsed into symbols
2021-01-17 23:02:57 [main] INFO  edu.epam.composite.parser.LexemeParser - Lexeme parsed into words and symbols
2021-01-17 23:02:57 [main] INFO  edu.epam.composite.parser.SentenceParser - Sentence parsed into lexemes
2021-01-17 23:02:57 [main] INFO  edu.epam.composite.parser.ParagraphParser - Paragraph parsed into sentences
2021-01-17 23:02:57 [main] INFO  edu.epam.composite.parser.WordParser - Word parsed into symbols
2021-01-17 23:02:57 [main] INFO  edu.epam.composite.parser.LexemeParser - Lexeme parsed into words and symbols
2021-01-17 23:02:57 [main] INFO  edu.epam.composite.parser.WordParser - Word parsed into symbols
2021-01-17 23:02:57 [main] INFO  edu.epam.composite.parser.LexemeParser - Lexeme parsed into words and symbols
2021-01-17 23:02:57 [main] INFO  edu.epam.composite.parser.WordParser - Word parsed into symbols
2021-01-17 23:02:57 [main] INFO  edu.epam.composite.parser.LexemeParser - Lexeme parsed into words and symbols
2021-01-17 23:02:57 [main] INFO  edu.epam.composite.parser.WordParser - Word parsed into symbols
2021-01-17 23:02:57 [main] INFO  edu.epam.composite.parser.LexemeParser - Lexeme parsed into words and symbols
2021-01-17 23:02:57 [main] INFO  edu.epam.composite.parser.WordParser - Word parsed into symbols
2021-01-17 23:02:57 [main] INFO  edu.epam.composite.parser.LexemeParser - Lexeme parsed into words and symbols
2021-01-17 23:02:57 [main] INFO  edu.epam.composite.parser.WordParser - Word parsed into symbols
2021-01-17 23:02:57 [main] INFO  edu.epam.composite.parser.LexemeParser - Lexeme parsed into words and symbols
2021-01-17 23:02:57 [main] INFO  edu.epam.composite.parser.WordParser - Word parsed into symbols
2021-01-17 23:02:57 [main] INFO  edu.epam.composite.parser.LexemeParser - Lexeme parsed into words and symbols
2021-01-17 23:02:57 [main] INFO  edu.epam.composite.parser.WordParser - Word parsed into symbols
2021-01-17 23:02:57 [main] INFO  edu.epam.composite.parser.LexemeParser - Lexeme parsed into words and symbols
2021-01-17 23:02:57 [main] INFO  edu.epam.composite.parser.WordParser - Word parsed into symbols
2021-01-17 23:02:57 [main] INFO  edu.epam.composite.parser.LexemeParser - Lexeme parsed into words and symbols
2021-01-17 23:02:57 [main] INFO  edu.epam.composite.parser.WordParser - Word parsed into symbols
2021-01-17 23:02:57 [main] INFO  edu.epam.composite.parser.LexemeParser - Lexeme parsed into words and symbols
2021-01-17 23:02:57 [main] INFO  edu.epam.composite.parser.WordParser - Word parsed into symbols
2021-01-17 23:02:57 [main] INFO  edu.epam.composite.parser.LexemeParser - Lexeme parsed into words and symbols
2021-01-17 23:02:57 [main] INFO  edu.epam.composite.parser.WordParser - Word parsed into symbols
2021-01-17 23:02:57 [main] INFO  edu.epam.composite.parser.LexemeParser - Lexeme parsed into words and symbols
2021-01-17 23:02:57 [main] INFO  edu.epam.composite.parser.WordParser - Word parsed into symbols
2021-01-17 23:02:57 [main] INFO  edu.epam.composite.parser.LexemeParser - Lexeme parsed into words and symbols
2021-01-17 23:02:57 [main] INFO  edu.epam.composite.parser.WordParser - Word parsed into symbols
2021-01-17 23:02:57 [main] INFO  edu.epam.composite.parser.LexemeParser - Lexeme parsed into words and symbols
2021-01-17 23:02:57 [main] INFO  edu.epam.composite.parser.WordParser - Word parsed into symbols
2021-01-17 23:02:57 [main] INFO  edu.epam.composite.parser.LexemeParser - Lexeme parsed into words and symbols
2021-01-17 23:02:57 [main] INFO  edu.epam.composite.parser.WordParser - Word parsed into symbols
2021-01-17 23:02:57 [main] INFO  edu.epam.composite.parser.LexemeParser - Lexeme parsed into words and symbols
2021-01-17 23:02:57 [main] INFO  edu.epam.composite.parser.WordParser - Word parsed into symbols
2021-01-17 23:02:57 [main] INFO  edu.epam.composite.parser.LexemeParser - Lexeme parsed into words and symbols
2021-01-17 23:02:57 [main] INFO  edu.epam.composite.parser.WordParser - Word parsed into symbols
2021-01-17 23:02:57 [main] INFO  edu.epam.composite.parser.LexemeParser - Lexeme parsed into words and symbols
2021-01-17 23:02:57 [main] INFO  edu.epam.composite.parser.SentenceParser - Sentence parsed into lexemes
2021-01-17 23:02:57 [main] INFO  edu.epam.composite.parser.ParagraphParser - Paragraph parsed into sentences
2021-01-17 23:02:57 [main] INFO  edu.epam.composite.parser.WordParser - Word parsed into symbols
2021-01-17 23:02:57 [main] INFO  edu.epam.composite.parser.LexemeParser - Lexeme parsed into words and symbols
2021-01-17 23:02:57 [main] INFO  edu.epam.composite.parser.WordParser - Word parsed into symbols
2021-01-17 23:02:57 [main] INFO  edu.epam.composite.parser.LexemeParser - Lexeme parsed into words and symbols
2021-01-17 23:02:57 [main] INFO  edu.epam.composite.parser.SentenceParser - Sentence parsed into lexemes
2021-01-17 23:02:57 [main] INFO  edu.epam.composite.parser.ParagraphParser - Paragraph parsed into sentences
2021-01-17 23:02:57 [main] INFO  edu.epam.composite.parser.TextParser - Text parsed into paragraphs
2021-01-17 23:02:57 [main] INFO  epam.composite.service.impl.TextCompositeServiceImpl - Sentences with longest words: [The point of using Ipsum is that it has a more-or-less normal distribution ob.toString(a?b:c), as opposed to using (Content here), content here's, making it look like readable English? ]
2021-01-17 23:02:57 [main] INFO  edu.epam.composite.parser.WordParser - Word parsed into symbols
2021-01-17 23:02:57 [main] INFO  edu.epam.composite.parser.LexemeParser - Lexeme parsed into words and symbols
2021-01-17 23:02:57 [main] INFO  edu.epam.composite.parser.WordParser - Word parsed into symbols
2021-01-17 23:02:57 [main] INFO  edu.epam.composite.parser.LexemeParser - Lexeme parsed into words and symbols
2021-01-17 23:02:57 [main] INFO  edu.epam.composite.parser.WordParser - Word parsed into symbols
2021-01-17 23:02:57 [main] INFO  edu.epam.composite.parser.LexemeParser - Lexeme parsed into words and symbols
2021-01-17 23:02:57 [main] INFO  edu.epam.composite.parser.LexemeParser - Lexeme parsed into words and symbols
2021-01-17 23:02:57 [main] INFO  edu.epam.composite.parser.WordParser - Word parsed into symbols
2021-01-17 23:02:57 [main] INFO  edu.epam.composite.parser.LexemeParser - Lexeme parsed into words and symbols
2021-01-17 23:02:57 [main] INFO  edu.epam.composite.parser.WordParser - Word parsed into symbols
2021-01-17 23:02:57 [main] INFO  edu.epam.composite.parser.LexemeParser - Lexeme parsed into words and symbols
2021-01-17 23:02:57 [main] INFO  edu.epam.composite.parser.WordParser - Word parsed into symbols
2021-01-17 23:02:57 [main] INFO  edu.epam.composite.parser.LexemeParser - Lexeme parsed into words and symbols
2021-01-17 23:02:57 [main] INFO  edu.epam.composite.parser.WordParser - Word parsed into symbols
2021-01-17 23:02:57 [main] INFO  edu.epam.composite.parser.LexemeParser - Lexeme parsed into words and symbols
2021-01-17 23:02:57 [main] INFO  edu.epam.composite.parser.WordParser - Word parsed into symbols
2021-01-17 23:02:57 [main] INFO  edu.epam.composite.parser.LexemeParser - Lexeme parsed into words and symbols
2021-01-17 23:02:57 [main] INFO  edu.epam.composite.parser.WordParser - Word parsed into symbols
2021-01-17 23:02:57 [main] INFO  edu.epam.composite.parser.LexemeParser - Lexeme parsed into words and symbols
2021-01-17 23:02:57 [main] INFO  edu.epam.composite.parser.WordParser - Word parsed into symbols
2021-01-17 23:02:57 [main] INFO  edu.epam.composite.parser.LexemeParser - Lexeme parsed into words and symbols
2021-01-17 23:02:57 [main] INFO  edu.epam.composite.parser.WordParser - Word parsed into symbols
2021-01-17 23:02:57 [main] INFO  edu.epam.composite.parser.LexemeParser - Lexeme parsed into words and symbols
2021-01-17 23:02:57 [main] INFO  edu.epam.composite.parser.WordParser - Word parsed into symbols
2021-01-17 23:02:57 [main] INFO  edu.epam.composite.parser.LexemeParser - Lexeme parsed into words and symbols
2021-01-17 23:02:57 [main] INFO  edu.epam.composite.parser.WordParser - Word parsed into symbols
2021-01-17 23:02:57 [main] INFO  edu.epam.composite.parser.LexemeParser - Lexeme parsed into words and symbols
2021-01-17 23:02:57 [main] INFO  edu.epam.composite.parser.WordParser - Word parsed into symbols
2021-01-17 23:02:57 [main] INFO  edu.epam.composite.parser.LexemeParser - Lexeme parsed into words and symbols
2021-01-17 23:02:57 [main] INFO  edu.epam.composite.parser.WordParser - Word parsed into symbols
2021-01-17 23:02:57 [main] INFO  edu.epam.composite.parser.LexemeParser - Lexeme parsed into words and symbols
2021-01-17 23:02:57 [main] INFO  edu.epam.composite.parser.WordParser - Word parsed into symbols
2021-01-17 23:02:57 [main] INFO  edu.epam.composite.parser.LexemeParser - Lexeme parsed into words and symbols
2021-01-17 23:02:57 [main] INFO  edu.epam.composite.parser.WordParser - Word parsed into symbols
2021-01-17 23:02:57 [main] INFO  edu.epam.composite.parser.LexemeParser - Lexeme parsed into words and symbols
2021-01-17 23:02:57 [main] INFO  edu.epam.composite.parser.SentenceParser - Sentence parsed into lexemes
2021-01-17 23:02:57 [main] INFO  edu.epam.composite.parser.WordParser - Word parsed into symbols
2021-01-17 23:02:57 [main] INFO  edu.epam.composite.parser.LexemeParser - Lexeme parsed into words and symbols
2021-01-17 23:02:57 [main] INFO  edu.epam.composite.parser.WordParser - Word parsed into symbols
2021-01-17 23:02:57 [main] INFO  edu.epam.composite.parser.LexemeParser - Lexeme parsed into words and symbols
2021-01-17 23:02:57 [main] INFO  edu.epam.composite.parser.WordParser - Word parsed into symbols
2021-01-17 23:02:57 [main] INFO  edu.epam.composite.parser.LexemeParser - Lexeme parsed into words and symbols
2021-01-17 23:02:57 [main] INFO  edu.epam.composite.parser.WordParser - Word parsed into symbols
2021-01-17 23:02:57 [main] INFO  edu.epam.composite.parser.LexemeParser - Lexeme parsed into words and symbols
2021-01-17 23:02:57 [main] INFO  edu.epam.composite.parser.WordParser - Word parsed into symbols
2021-01-17 23:02:57 [main] INFO  edu.epam.composite.parser.LexemeParser - Lexeme parsed into words and symbols
2021-01-17 23:02:57 [main] INFO  edu.epam.composite.parser.WordParser - Word parsed into symbols
2021-01-17 23:02:57 [main] INFO  edu.epam.composite.parser.LexemeParser - Lexeme parsed into words and symbols
2021-01-17 23:02:57 [main] INFO  edu.epam.composite.parser.WordParser - Word parsed into symbols
2021-01-17 23:02:57 [main] INFO  edu.epam.composite.parser.LexemeParser - Lexeme parsed into words and symbols
2021-01-17 23:02:57 [main] INFO  edu.epam.composite.parser.WordParser - Word parsed into symbols
2021-01-17 23:02:57 [main] INFO  edu.epam.composite.parser.LexemeParser - Lexeme parsed into words and symbols
2021-01-17 23:02:57 [main] INFO  edu.epam.composite.parser.WordParser - Word parsed into symbols
2021-01-17 23:02:57 [main] INFO  edu.epam.composite.parser.LexemeParser - Lexeme parsed into words and symbols
2021-01-17 23:02:57 [main] INFO  edu.epam.composite.parser.WordParser - Word parsed into symbols
2021-01-17 23:02:57 [main] INFO  edu.epam.composite.parser.LexemeParser - Lexeme parsed into words and symbols
2021-01-17 23:02:57 [main] INFO  edu.epam.composite.parser.WordParser - Word parsed into symbols
2021-01-17 23:02:57 [main] INFO  edu.epam.composite.parser.LexemeParser - Lexeme parsed into words and symbols
2021-01-17 23:02:57 [main] INFO  edu.epam.composite.parser.WordParser - Word parsed into symbols
2021-01-17 23:02:57 [main] INFO  edu.epam.composite.parser.LexemeParser - Lexeme parsed into words and symbols
2021-01-17 23:02:57 [main] INFO  edu.epam.composite.parser.WordParser - Word parsed into symbols
2021-01-17 23:02:57 [main] INFO  edu.epam.composite.parser.WordParser - Word parsed into symbols
2021-01-17 23:02:57 [main] INFO  edu.epam.composite.parser.LexemeParser - Lexeme parsed into words and symbols
2021-01-17 23:02:57 [main] INFO  edu.epam.composite.parser.WordParser - Word parsed into symbols
2021-01-17 23:02:57 [main] INFO  edu.epam.composite.parser.LexemeParser - Lexeme parsed into words and symbols
2021-01-17 23:02:57 [main] INFO  edu.epam.composite.parser.WordParser - Word parsed into symbols
2021-01-17 23:02:57 [main] INFO  edu.epam.composite.parser.LexemeParser - Lexeme parsed into words and symbols
2021-01-17 23:02:57 [main] INFO  edu.epam.composite.parser.WordParser - Word parsed into symbols
2021-01-17 23:02:57 [main] INFO  edu.epam.composite.parser.LexemeParser - Lexeme parsed into words and symbols
2021-01-17 23:02:57 [main] INFO  edu.epam.composite.parser.WordParser - Word parsed into symbols
2021-01-17 23:02:57 [main] INFO  edu.epam.composite.parser.LexemeParser - Lexeme parsed into words and symbols
2021-01-17 23:02:57 [main] INFO  edu.epam.composite.parser.WordParser - Word parsed into symbols
2021-01-17 23:02:57 [main] INFO  edu.epam.composite.parser.LexemeParser - Lexeme parsed into words and symbols
2021-01-17 23:02:57 [main] INFO  edu.epam.composite.parser.WordParser - Word parsed into symbols
