2021-01-17 23:08:08 [main] INFO  edu.epam.composite.parser.LexemeParser - Lexeme parsed into words and symbols
2021-01-17 23:08:08 [main] INFO  edu.epam.composite.parser.WordParser - Word parsed into symbols
2021-01-17 23:08:08 [main] INFO  edu.epam.composite.parser.LexemeParser - Lexeme parsed into words and symbols
2021-01-17 23:08:08 [main] INFO  edu.epam.composite.parser.WordParser - Word parsed into symbols
2021-01-17 23:08:08 [main] INFO  edu.epam.composite.parser.LexemeParser - Lexeme parsed into words and symbols
2021-01-17 23:08:08 [main] INFO  edu.epam.composite.parser.WordParser - Word parsed into symbols
2021-01-17 23:08:08 [main] INFO  edu.epam.composite.parser.WordParser - Word parsed into symbols
2021-01-17 23:08:08 [main] INFO  edu.epam.composite.parser.WordParser - Word parsed into symbols
2021-01-17 23:08:08 [main] INFO  edu.epam.composite.parser.WordParser - Word parsed into symbols
2021-01-17 23:08:08 [main] INFO  edu.epam.composite.parser.WordParser - Word parsed into symbols
2021-01-17 23:08:08 [main] INFO  edu.epam.composite.parser.LexemeParser - Lexeme parsed into words and symbols
2021-01-17 23:08:08 [main] INFO  edu.epam.composite.parser.WordParser - Word parsed into symbols
2021-01-17 23:08:08 [main] INFO  edu.epam.composite.parser.LexemeParser - Lexeme parsed into words and symbols
2021-01-17 23:08:08 [main] INFO  edu.epam.composite.parser.WordParser - Word parsed into symbols
2021-01-17 23:08:08 [main] INFO  edu.epam.composite.parser.LexemeParser - Lexeme parsed into words and symbols
2021-01-17 23:08:08 [main] INFO  edu.epam.composite.parser.WordParser - Word parsed into symbols
2021-01-17 23:08:08 [main] INFO  edu.epam.composite.parser.LexemeParser - Lexeme parsed into words and symbols
2021-01-17 23:08:08 [main] INFO  edu.epam.composite.parser.WordParser - Word parsed into symbols
2021-01-17 23:08:08 [main] INFO  edu.epam.composite.parser.LexemeParser - Lexeme parsed into words and symbols
2021-01-17 23:08:08 [main] INFO  edu.epam.composite.parser.WordParser - Word parsed into symbols
2021-01-17 23:08:08 [main] INFO  edu.epam.composite.parser.LexemeParser - Lexeme parsed into words and symbols
2021-01-17 23:08:08 [main] INFO  edu.epam.composite.parser.WordParser - Word parsed into symbols
2021-01-17 23:08:08 [main] INFO  edu.epam.composite.parser.LexemeParser - Lexeme parsed into words and symbols
2021-01-17 23:08:08 [main] INFO  edu.epam.composite.parser.WordParser - Word parsed into symbols
2021-01-17 23:08:08 [main] INFO  edu.epam.composite.parser.LexemeParser - Lexeme parsed into words and symbols
2021-01-17 23:08:08 [main] INFO  edu.epam.composite.parser.WordParser - Word parsed into symbols
2021-01-17 23:08:08 [main] INFO  edu.epam.composite.parser.WordParser - Word parsed into symbols
2021-01-17 23:08:08 [main] INFO  edu.epam.composite.parser.LexemeParser - Lexeme parsed into words and symbols
2021-01-17 23:08:08 [main] INFO  edu.epam.composite.parser.WordParser - Word parsed into symbols
2021-01-17 23:08:08 [main] INFO  edu.epam.composite.parser.LexemeParser - Lexeme parsed into words and symbols
2021-01-17 23:08:08 [main] INFO  edu.epam.composite.parser.WordParser - Word parsed into symbols
2021-01-17 23:08:08 [main] INFO  edu.epam.composite.parser.LexemeParser - Lexeme parsed into words and symbols
2021-01-17 23:08:08 [main] INFO  edu.epam.composite.parser.WordParser - Word parsed into symbols
2021-01-17 23:08:08 [main] INFO  edu.epam.composite.parser.LexemeParser - Lexeme parsed into words and symbols
2021-01-17 23:08:08 [main] INFO  edu.epam.composite.parser.WordParser - Word parsed into symbols
2021-01-17 23:08:08 [main] INFO  edu.epam.composite.parser.LexemeParser - Lexeme parsed into words and symbols
2021-01-17 23:08:08 [main] INFO  edu.epam.composite.parser.WordParser - Word parsed into symbols
2021-01-17 23:08:08 [main] INFO  edu.epam.composite.parser.LexemeParser - Lexeme parsed into words and symbols
2021-01-17 23:08:08 [main] INFO  edu.epam.composite.parser.WordParser - Word parsed into symbols
2021-01-17 23:08:08 [main] INFO  edu.epam.composite.parser.LexemeParser - Lexeme parsed into words and symbols
2021-01-17 23:08:08 [main] INFO  edu.epam.composite.parser.SentenceParser - Sentence parsed into lexemes
2021-01-17 23:08:08 [main] INFO  edu.epam.composite.parser.ParagraphParser - Paragraph parsed into sentences
2021-01-17 23:08:08 [main] INFO  edu.epam.composite.parser.WordParser - Word parsed into symbols
2021-01-17 23:08:08 [main] INFO  edu.epam.composite.parser.LexemeParser - Lexeme parsed into words and symbols
2021-01-17 23:08:08 [main] INFO  edu.epam.composite.parser.WordParser - Word parsed into symbols
2021-01-17 23:08:08 [main] INFO  edu.epam.composite.parser.LexemeParser - Lexeme parsed into words and symbols
2021-01-17 23:08:08 [main] INFO  edu.epam.composite.parser.WordParser - Word parsed into symbols
2021-01-17 23:08:08 [main] INFO  edu.epam.composite.parser.LexemeParser - Lexeme parsed into words and symbols
2021-01-17 23:08:08 [main] INFO  edu.epam.composite.parser.WordParser - Word parsed into symbols
2021-01-17 23:08:08 [main] INFO  edu.epam.composite.parser.LexemeParser - Lexeme parsed into words and symbols
2021-01-17 23:08:08 [main] INFO  edu.epam.composite.parser.WordParser - Word parsed into symbols
2021-01-17 23:08:08 [main] INFO  edu.epam.composite.parser.LexemeParser - Lexeme parsed into words and symbols
2021-01-17 23:08:08 [main] INFO  edu.epam.composite.parser.WordParser - Word parsed into symbols
2021-01-17 23:08:08 [main] INFO  edu.epam.composite.parser.LexemeParser - Lexeme parsed into words and symbols
2021-01-17 23:08:08 [main] INFO  edu.epam.composite.parser.WordParser - Word parsed into symbols
2021-01-17 23:08:08 [main] INFO  edu.epam.composite.parser.LexemeParser - Lexeme parsed into words and symbols
2021-01-17 23:08:08 [main] INFO  edu.epam.composite.parser.WordParser - Word parsed into symbols
2021-01-17 23:08:08 [main] INFO  edu.epam.composite.parser.LexemeParser - Lexeme parsed into words and symbols
2021-01-17 23:08:08 [main] INFO  edu.epam.composite.parser.WordParser - Word parsed into symbols
2021-01-17 23:08:08 [main] INFO  edu.epam.composite.parser.LexemeParser - Lexeme parsed into words and symbols
2021-01-17 23:08:08 [main] INFO  edu.epam.composite.parser.WordParser - Word parsed into symbols
2021-01-17 23:08:08 [main] INFO  edu.epam.composite.parser.LexemeParser - Lexeme parsed into words and symbols
2021-01-17 23:08:08 [main] INFO  edu.epam.composite.parser.WordParser - Word parsed into symbols
2021-01-17 23:08:08 [main] INFO  edu.epam.composite.parser.LexemeParser - Lexeme parsed into words and symbols
2021-01-17 23:08:08 [main] INFO  edu.epam.composite.parser.WordParser - Word parsed into symbols
2021-01-17 23:08:08 [main] INFO  edu.epam.composite.parser.LexemeParser - Lexeme parsed into words and symbols
2021-01-17 23:08:08 [main] INFO  edu.epam.composite.parser.WordParser - Word parsed into symbols
2021-01-17 23:08:08 [main] INFO  edu.epam.composite.parser.LexemeParser - Lexeme parsed into words and symbols
2021-01-17 23:08:08 [main] INFO  edu.epam.composite.parser.WordParser - Word parsed into symbols
2021-01-17 23:08:08 [main] INFO  edu.epam.composite.parser.LexemeParser - Lexeme parsed into words and symbols
2021-01-17 23:08:08 [main] INFO  edu.epam.composite.parser.WordParser - Word parsed into symbols
2021-01-17 23:08:08 [main] INFO  edu.epam.composite.parser.LexemeParser - Lexeme parsed into words and symbols
2021-01-17 23:08:08 [main] INFO  edu.epam.composite.parser.WordParser - Word parsed into symbols
2021-01-17 23:08:08 [main] INFO  edu.epam.composite.parser.LexemeParser - Lexeme parsed into words and symbols
2021-01-17 23:08:08 [main] INFO  edu.epam.composite.parser.WordParser - Word parsed into symbols
2021-01-17 23:08:08 [main] INFO  edu.epam.composite.parser.LexemeParser - Lexeme parsed into words and symbols
2021-01-17 23:08:08 [main] INFO  edu.epam.composite.parser.WordParser - Word parsed into symbols
2021-01-17 23:08:08 [main] INFO  edu.epam.composite.parser.LexemeParser - Lexeme parsed into words and symbols
2021-01-17 23:08:08 [main] INFO  edu.epam.composite.parser.SentenceParser - Sentence parsed into lexemes
2021-01-17 23:08:08 [main] INFO  edu.epam.composite.parser.ParagraphParser - Paragraph parsed into sentences
2021-01-17 23:08:08 [main] INFO  edu.epam.composite.parser.WordParser - Word parsed into symbols
2021-01-17 23:08:08 [main] INFO  edu.epam.composite.parser.LexemeParser - Lexeme parsed into words and symbols
2021-01-17 23:08:08 [main] INFO  edu.epam.composite.parser.WordParser - Word parsed into symbols
2021-01-17 23:08:08 [main] INFO  edu.epam.composite.parser.LexemeParser - Lexeme parsed into words and symbols
2021-01-17 23:08:08 [main] INFO  edu.epam.composite.parser.SentenceParser - Sentence parsed into lexemes
2021-01-17 23:08:08 [main] INFO  edu.epam.composite.parser.ParagraphParser - Paragraph parsed into sentences
2021-01-17 23:08:08 [main] INFO  edu.epam.composite.parser.TextParser - Text parsed into paragraphs
2021-01-17 23:08:08 [main] INFO  epam.composite.service.impl.TextCompositeServiceImpl - Paragraphs sorted by number of sentences
2021-01-17 23:10:56 [main] INFO  edu.epam.composite.reader.TextReader - file -> src/main/resources/data/data.txt was read
2021-01-17 23:10:58 [main] INFO  edu.epam.composite.parser.WordParser - Word parsed into symbols
2021-01-17 23:10:58 [main] INFO  edu.epam.composite.parser.LexemeParser - Lexeme parsed into words and symbols
2021-01-17 23:10:58 [main] INFO  edu.epam.composite.parser.WordParser - Word parsed into symbols
2021-01-17 23:10:58 [main] INFO  edu.epam.composite.parser.LexemeParser - Lexeme parsed into words and symbols
2021-01-17 23:10:58 [main] INFO  edu.epam.composite.parser.WordParser - Word parsed into symbols
2021-01-17 23:10:58 [main] INFO  edu.epam.composite.parser.LexemeParser - Lexeme parsed into words and symbols
2021-01-17 23:10:58 [main] INFO  edu.epam.composite.parser.LexemeParser - Lexeme parsed into words and symbols
2021-01-17 23:10:58 [main] INFO  edu.epam.composite.parser.WordParser - Word parsed into symbols
2021-01-17 23:10:58 [main] INFO  edu.epam.composite.parser.LexemeParser - Lexeme parsed into words and symbols
2021-01-17 23:10:58 [main] INFO  edu.epam.composite.parser.WordParser - Word parsed into symbols
2021-01-17 23:10:58 [main] INFO  edu.epam.composite.parser.LexemeParser - Lexeme parsed into words and symbols
2021-01-17 23:10:58 [main] INFO  edu.epam.composite.parser.WordParser - Word parsed into symbols
2021-01-17 23:10:58 [main] INFO  edu.epam.composite.parser.LexemeParser - Lexeme parsed into words and symbols
2021-01-17 23:10:58 [main] INFO  edu.epam.composite.parser.WordParser - Word parsed into symbols
2021-01-17 23:10:58 [main] INFO  edu.epam.composite.parser.LexemeParser - Lexeme parsed into words and symbols
2021-01-17 23:10:58 [main] INFO  edu.epam.composite.parser.WordParser - Word parsed into symbols
2021-01-17 23:10:58 [main] INFO  edu.epam.composite.parser.LexemeParser - Lexeme parsed into words and symbols
2021-01-17 23:10:58 [main] INFO  edu.epam.composite.parser.WordParser - Word parsed into symbols
2021-01-17 23:10:58 [main] INFO  edu.epam.composite.parser.LexemeParser - Lexeme parsed into words and symbols
2021-01-17 23:10:58 [main] INFO  edu.epam.composite.parser.WordParser - Word parsed into symbols
2021-01-17 23:10:58 [main] INFO  edu.epam.composite.parser.LexemeParser - Lexeme parsed into words and symbols
2021-01-17 23:10:58 [main] INFO  edu.epam.composite.parser.WordParser - Word parsed into symbols
2021-01-17 23:10:58 [main] INFO  edu.epam.composite.parser.LexemeParser - Lexeme parsed into words and symbols
2021-01-17 23:10:58 [main] INFO  edu.epam.composite.parser.WordParser - Word parsed into symbols
2021-01-17 23:10:58 [main] INFO  edu.epam.composite.parser.LexemeParser - Lexeme parsed into words and symbols
2021-01-17 23:10:58 [main] INFO  edu.epam.composite.parser.WordParser - Word parsed into symbols
2021-01-17 23:10:58 [main] INFO  edu.epam.composite.parser.LexemeParser - Lexeme parsed into words and symbols
2021-01-17 23:10:58 [main] INFO  edu.epam.composite.parser.WordParser - Word parsed into symbols
2021-01-17 23:10:58 [main] INFO  edu.epam.composite.parser.LexemeParser - Lexeme parsed into words and symbols
2021-01-17 23:10:58 [main] INFO  edu.epam.composite.parser.WordParser - Word parsed into symbols
2021-01-17 23:10:58 [main] INFO  edu.epam.composite.parser.LexemeParser - Lexeme parsed into words and symbols
2021-01-17 23:10:58 [main] INFO  edu.epam.composite.parser.WordParser - Word parsed into symbols
2021-01-17 23:10:58 [main] INFO  edu.epam.composite.parser.LexemeParser - Lexeme parsed into words and symbols
2021-01-17 23:10:58 [main] INFO  edu.epam.composite.parser.WordParser - Word parsed into symbols
2021-01-17 23:10:58 [main] INFO  edu.epam.composite.parser.LexemeParser - Lexeme parsed into words and symbols
2021-01-17 23:10:58 [main] INFO  edu.epam.composite.parser.SentenceParser - Sentence parsed into lexemes
2021-01-17 23:10:58 [main] INFO  edu.epam.composite.parser.WordParser - Word parsed into symbols
2021-01-17 23:10:58 [main] INFO  edu.epam.composite.parser.LexemeParser - Lexeme parsed into words and symbols
2021-01-17 23:10:58 [main] INFO  edu.epam.composite.parser.WordParser - Word parsed into symbols
2021-01-17 23:10:58 [main] INFO  edu.epam.composite.parser.LexemeParser - Lexeme parsed into words and symbols
2021-01-17 23:10:58 [main] INFO  edu.epam.composite.parser.WordParser - Word parsed into symbols
2021-01-17 23:10:58 [main] INFO  edu.epam.composite.parser.LexemeParser - Lexeme parsed into words and symbols
2021-01-17 23:10:58 [main] INFO  edu.epam.composite.parser.WordParser - Word parsed into symbols
2021-01-17 23:10:58 [main] INFO  edu.epam.composite.parser.LexemeParser - Lexeme parsed into words and symbols
2021-01-17 23:10:58 [main] INFO  edu.epam.composite.parser.WordParser - Word parsed into symbols
2021-01-17 23:10:58 [main] INFO  edu.epam.composite.parser.LexemeParser - Lexeme parsed into words and symbols
2021-01-17 23:10:58 [main] INFO  edu.epam.composite.parser.WordParser - Word parsed into symbols
2021-01-17 23:10:58 [main] INFO  edu.epam.composite.parser.LexemeParser - Lexeme parsed into words and symbols
2021-01-17 23:10:58 [main] INFO  edu.epam.composite.parser.WordParser - Word parsed into symbols
2021-01-17 23:10:58 [main] INFO  edu.epam.composite.parser.LexemeParser - Lexeme parsed into words and symbols
2021-01-17 23:10:58 [main] INFO  edu.epam.composite.parser.WordParser - Word parsed into symbols
2021-01-17 23:10:58 [main] INFO  edu.epam.composite.parser.LexemeParser - Lexeme parsed into words and symbols
2021-01-17 23:10:58 [main] INFO  edu.epam.composite.parser.WordParser - Word parsed into symbols
2021-01-17 23:10:58 [main] INFO  edu.epam.composite.parser.LexemeParser - Lexeme parsed into words and symbols
2021-01-17 23:10:58 [main] INFO  edu.epam.composite.parser.WordParser - Word parsed into symbols
2021-01-17 23:10:58 [main] INFO  edu.epam.composite.parser.LexemeParser - Lexeme parsed into words and symbols
2021-01-17 23:10:58 [main] INFO  edu.epam.composite.parser.WordParser - Word parsed into symbols
2021-01-17 23:10:58 [main] INFO  edu.epam.composite.parser.LexemeParser - Lexeme parsed into words and symbols
