2021-01-17 12:58:07 [main] ERROR edu.epam.composite.reader.TextReader - File reading error src/main/resources/data/
2021-01-17 12:59:08 [main] ERROR edu.epam.composite.reader.TextReader - File reading error src/main/resources/data/
2021-01-17 12:59:38 [main] INFO  edu.epam.composite.reader.TextReader - file -> src/main/resources/data.txt was read
2021-01-17 13:00:31 [main] INFO  edu.epam.composite.reader.TextReader - file -> src/main/resources/data.txt was read
2021-01-17 13:05:19 [main] INFO  edu.epam.composite.reader.TextReader - file -> src/main/resources/data/data.txt was read
2021-01-17 13:08:23 [main] INFO  edu.epam.composite.reader.TextReader - file -> src/main/resources/data/data.txt was read
2021-01-17 13:08:27 [main] INFO  edu.epam.composite.reader.TextReader - file -> src/main/resources/data/data.txt was read
2021-01-17 13:23:00 [main] INFO  edu.epam.composite.reader.TextReader - file -> src/main/resources/data/data.txt was read
2021-01-17 13:23:49 [main] INFO  edu.epam.composite.reader.TextReader - file -> src/main/resources/data/data.txt was read
2021-01-17 14:01:10 [main] INFO  edu.epam.composite.reader.TextReader - file -> src/main/resources/data/data.txt was read
2021-01-17 14:14:40 [main] INFO  edu.epam.composite.reader.TextReader - file -> src/main/resources/data/data.txt was read
2021-01-17 14:23:00 [main] INFO  edu.epam.composite.reader.TextReader - file -> src/main/resources/data/data.txt was read
2021-01-17 14:28:49 [main] INFO  edu.epam.composite.reader.TextReader - file -> src/main/resources/data/data.txt was read
2021-01-17 14:32:09 [main] INFO  edu.epam.composite.reader.TextReader - file -> src/main/resources/data/data.txt was read
2021-01-17 14:32:54 [main] INFO  edu.epam.composite.reader.TextReader - file -> src/main/resources/data/data.txt was read
2021-01-17 14:33:09 [main] INFO  edu.epam.composite.reader.TextReader - file -> src/main/resources/data/data.txt was read
2021-01-17 14:34:19 [main] INFO  edu.epam.composite.reader.TextReader - file -> src/main/resources/data/data.txt was read
2021-01-17 14:38:55 [main] INFO  edu.epam.composite.reader.TextReader - file -> src/main/resources/data/data.txt was read
2021-01-17 14:40:15 [main] INFO  edu.epam.composite.reader.TextReader - file -> src/main/resources/data/data.txt was read
2021-01-17 14:52:01 [main] INFO  edu.epam.composite.reader.TextReader - file -> src/main/resources/data/data.txt was read
2021-01-17 15:00:37 [main] INFO  edu.epam.composite.reader.TextReader - file -> src/main/resources/data/data.txt was read
2021-01-17 15:01:44 [main] INFO  edu.epam.composite.reader.TextReader - file -> src/main/resources/data/data.txt was read
2021-01-17 15:16:43 [main] INFO  edu.epam.composite.reader.TextReader - file -> src/main/resources/data/data.txt was read
2021-01-17 15:17:22 [main] INFO  edu.epam.composite.reader.TextReader - file -> src/main/resources/data/data.txt was read
2021-01-17 15:17:30 [main] INFO  edu.epam.composite.reader.TextReader - file -> src/main/resources/data/data.txt was read
2021-01-17 15:17:42 [main] INFO  edu.epam.composite.reader.TextReader - file -> src/main/resources/data/data.txt was read
2021-01-17 15:18:26 [main] INFO  edu.epam.composite.reader.TextReader - file -> src/main/resources/data/data.txt was read
2021-01-17 15:18:39 [main] INFO  edu.epam.composite.reader.TextReader - file -> src/main/resources/data/data.txt was read
2021-01-17 15:19:25 [main] INFO  edu.epam.composite.reader.TextReader - file -> src/main/resources/data/data.txt was read
2021-01-17 15:20:09 [main] INFO  edu.epam.composite.reader.TextReader - file -> src/main/resources/data/data.txt was read
2021-01-17 18:11:46 [main] INFO  edu.epam.composite.reader.TextReader - file -> src/main/resources/data/data.txt was read
2021-01-17 18:13:37 [main] INFO  edu.epam.composite.reader.TextReader - file -> src/main/resources/data/data.txt was read
2021-01-17 18:15:41 [main] INFO  edu.epam.composite.reader.TextReader - file -> src/main/resources/data/data.txt was read
2021-01-17 18:16:22 [main] INFO  edu.epam.composite.reader.TextReader - file -> src/main/resources/data/data.txt was read
2021-01-17 18:17:02 [main] INFO  edu.epam.composite.reader.TextReader - file -> src/main/resources/data/data.txt was read
2021-01-17 18:17:22 [main] INFO  edu.epam.composite.reader.TextReader - file -> src/main/resources/data/data.txt was read
2021-01-17 18:28:20 [main] INFO  edu.epam.composite.reader.TextReader - file -> src/main/resources/data/data.txt was read
2021-01-17 18:29:20 [main] INFO  edu.epam.composite.reader.TextReader - file -> src/main/resources/data/data.txt was read
2021-01-17 19:11:45 [main] INFO  edu.epam.composite.reader.TextReader - file -> src/main/resources/data/data.txt was read
2021-01-17 19:12:15 [main] INFO  edu.epam.composite.reader.TextReader - file -> src/main/resources/data/data.txt was read
2021-01-17 19:12:24 [main] INFO  edu.epam.composite.reader.TextReader - file -> src/main/resources/data/data.txt was read
2021-01-17 19:12:50 [main] INFO  edu.epam.composite.reader.TextReader - file -> src/main/resources/data/data.txt was read
2021-01-17 19:18:37 [main] INFO  edu.epam.composite.reader.TextReader - file -> src/main/resources/data/data.txt was read
2021-01-17 19:19:41 [main] INFO  edu.epam.composite.reader.TextReader - file -> src/main/resources/data/data.txt was read
2021-01-17 19:23:24 [main] INFO  edu.epam.composite.reader.TextReader - file -> src/main/resources/data/data.txt was read
2021-01-17 19:24:11 [main] INFO  edu.epam.composite.reader.TextReader - file -> src/main/resources/data/data.txt was read
2021-01-17 19:29:04 [main] INFO  edu.epam.composite.reader.TextReader - file -> src/main/resources/data/data.txt was read
2021-01-17 19:29:14 [main] INFO  edu.epam.composite.reader.TextReader - file -> src/main/resources/data/data.txt was read
2021-01-17 19:30:33 [main] INFO  edu.epam.composite.reader.TextReader - file -> src/main/resources/data/data.txt was read
2021-01-17 20:21:45 [main] INFO  edu.epam.composite.reader.TextReader - file -> src/main/resources/data/data.txt was read
2021-01-17 20:25:24 [main] INFO  edu.epam.composite.reader.TextReader - file -> src/main/resources/data/data.txt was read
2021-01-17 20:26:20 [main] INFO  edu.epam.composite.reader.TextReader - file -> src/main/resources/data/data.txt was read
2021-01-17 20:29:16 [main] INFO  edu.epam.composite.reader.TextReader - file -> src/main/resources/data/data.txt was read
2021-01-17 20:59:14 [main] INFO  edu.epam.composite.reader.TextReader - file -> src/main/resources/data/data.txt was read
2021-01-17 21:05:34 [main] INFO  edu.epam.composite.reader.TextReader - file -> src/main/resources/data/data.txt was read
2021-01-17 21:06:09 [main] INFO  edu.epam.composite.reader.TextReader - file -> src/main/resources/data/data.txt was read
2021-01-17 21:52:30 [main] INFO  edu.epam.composite.reader.TextReader - file -> src/main/resources/data/data.txt was read
2021-01-17 21:59:54 [main] INFO  edu.epam.composite.reader.TextReader - file -> src/main/resources/data/data.txt was read
2021-01-17 22:16:21 [main] INFO  edu.epam.composite.reader.TextReader - file -> src/main/resources/data/data.txt was read
2021-01-17 22:16:37 [main] INFO  edu.epam.composite.reader.TextReader - file -> src/main/resources/data/data.txt was read
2021-01-17 22:53:21 [main] INFO  edu.epam.composite.reader.TextReader - file -> src/main/resources/data/data.txt was read
2021-01-17 22:53:21 [main] INFO  edu.epam.composite.parser.WordParser - Word parsed into symbols
2021-01-17 22:53:21 [main] INFO  edu.epam.composite.parser.LexemeParser - Lexeme parsed into words and symbols
2021-01-17 22:53:21 [main] INFO  edu.epam.composite.parser.WordParser - Word parsed into symbols
2021-01-17 22:53:21 [main] INFO  edu.epam.composite.parser.LexemeParser - Lexeme parsed into words and symbols
2021-01-17 22:53:21 [main] INFO  edu.epam.composite.parser.WordParser - Word parsed into symbols
2021-01-17 22:53:21 [main] INFO  edu.epam.composite.parser.LexemeParser - Lexeme parsed into words and symbols
2021-01-17 22:53:21 [main] INFO  edu.epam.composite.parser.LexemeParser - Lexeme parsed into words and symbols
2021-01-17 22:53:21 [main] INFO  edu.epam.composite.parser.WordParser - Word parsed into symbols
2021-01-17 22:53:21 [main] INFO  edu.epam.composite.parser.LexemeParser - Lexeme parsed into words and symbols
2021-01-17 22:53:21 [main] INFO  edu.epam.composite.parser.WordParser - Word parsed into symbols
2021-01-17 22:53:21 [main] INFO  edu.epam.composite.parser.LexemeParser - Lexeme parsed into words and symbols
2021-01-17 22:53:21 [main] INFO  edu.epam.composite.parser.WordParser - Word parsed into symbols
2021-01-17 22:53:21 [main] INFO  edu.epam.composite.parser.LexemeParser - Lexeme parsed into words and symbols
2021-01-17 22:53:21 [main] INFO  edu.epam.composite.parser.WordParser - Word parsed into symbols
2021-01-17 22:53:21 [main] INFO  edu.epam.composite.parser.LexemeParser - Lexeme parsed into words and symbols
2021-01-17 22:53:21 [main] INFO  edu.epam.composite.parser.WordParser - Word parsed into symbols
2021-01-17 22:53:21 [main] INFO  edu.epam.composite.parser.LexemeParser - Lexeme parsed into words and symbols
2021-01-17 22:53:21 [main] INFO  edu.epam.composite.parser.WordParser - Word parsed into symbols
2021-01-17 22:53:21 [main] INFO  edu.epam.composite.parser.LexemeParser - Lexeme parsed into words and symbols
2021-01-17 22:53:21 [main] INFO  edu.epam.composite.parser.WordParser - Word parsed into symbols
2021-01-17 22:53:21 [main] INFO  edu.epam.composite.parser.LexemeParser - Lexeme parsed into words and symbols
2021-01-17 22:53:21 [main] INFO  edu.epam.composite.parser.WordParser - Word parsed into symbols
2021-01-17 22:53:21 [main] INFO  edu.epam.composite.parser.LexemeParser - Lexeme parsed into words and symbols
2021-01-17 22:53:21 [main] INFO  edu.epam.composite.parser.WordParser - Word parsed into symbols
2021-01-17 22:53:21 [main] INFO  edu.epam.composite.parser.LexemeParser - Lexeme parsed into words and symbols
2021-01-17 22:53:21 [main] INFO  edu.epam.composite.parser.WordParser - Word parsed into symbols
2021-01-17 22:53:21 [main] INFO  edu.epam.composite.parser.LexemeParser - Lexeme parsed into words and symbols
2021-01-17 22:53:21 [main] INFO  edu.epam.composite.parser.WordParser - Word parsed into symbols
2021-01-17 22:53:21 [main] INFO  edu.epam.composite.parser.LexemeParser - Lexeme parsed into words and symbols
2021-01-17 22:53:21 [main] INFO  edu.epam.composite.parser.WordParser - Word parsed into symbols
2021-01-17 22:53:21 [main] INFO  edu.epam.composite.parser.LexemeParser - Lexeme parsed into words and symbols
2021-01-17 22:53:21 [main] INFO  edu.epam.composite.parser.WordParser - Word parsed into symbols
2021-01-17 22:53:21 [main] INFO  edu.epam.composite.parser.LexemeParser - Lexeme parsed into words and symbols
2021-01-17 22:53:21 [main] INFO  edu.epam.composite.parser.WordParser - Word parsed into symbols
2021-01-17 22:53:21 [main] INFO  edu.epam.composite.parser.LexemeParser - Lexeme parsed into words and symbols
2021-01-17 22:53:21 [main] INFO  edu.epam.composite.parser.SentenceParser - Sentence parsed into lexemes
2021-01-17 22:53:21 [main] INFO  edu.epam.composite.parser.WordParser - Word parsed into symbols
2021-01-17 22:53:21 [main] INFO  edu.epam.composite.parser.LexemeParser - Lexeme parsed into words and symbols
2021-01-17 22:53:21 [main] INFO  edu.epam.composite.parser.WordParser - Word parsed into symbols
2021-01-17 22:53:21 [main] INFO  edu.epam.composite.parser.LexemeParser - Lexeme parsed into words and symbols
2021-01-17 22:53:21 [main] INFO  edu.epam.composite.parser.WordParser - Word parsed into symbols
2021-01-17 22:53:21 [main] INFO  edu.epam.composite.parser.LexemeParser - Lexeme parsed into words and symbols
2021-01-17 22:53:21 [main] INFO  edu.epam.composite.parser.WordParser - Word parsed into symbols
2021-01-17 22:53:21 [main] INFO  edu.epam.composite.parser.LexemeParser - Lexeme parsed into words and symbols
2021-01-17 22:53:21 [main] INFO  edu.epam.composite.parser.WordParser - Word parsed into symbols
2021-01-17 22:53:21 [main] INFO  edu.epam.composite.parser.LexemeParser - Lexeme parsed into words and symbols
2021-01-17 22:53:21 [main] INFO  edu.epam.composite.parser.WordParser - Word parsed into symbols
2021-01-17 22:53:21 [main] INFO  edu.epam.composite.parser.LexemeParser - Lexeme parsed into words and symbols
2021-01-17 22:53:21 [main] INFO  edu.epam.composite.parser.WordParser - Word parsed into symbols
2021-01-17 22:53:21 [main] INFO  edu.epam.composite.parser.LexemeParser - Lexeme parsed into words and symbols
2021-01-17 22:53:21 [main] INFO  edu.epam.composite.parser.WordParser - Word parsed into symbols
2021-01-17 22:53:21 [main] INFO  edu.epam.composite.parser.LexemeParser - Lexeme parsed into words and symbols
2021-01-17 22:53:21 [main] INFO  edu.epam.composite.parser.WordParser - Word parsed into symbols
2021-01-17 22:53:21 [main] INFO  edu.epam.composite.parser.LexemeParser - Lexeme parsed into words and symbols
2021-01-17 22:53:21 [main] INFO  edu.epam.composite.parser.WordParser - Word parsed into symbols
2021-01-17 22:53:21 [main] INFO  edu.epam.composite.parser.LexemeParser - Lexeme parsed into words and symbols
2021-01-17 22:53:21 [main] INFO  edu.epam.composite.parser.WordParser - Word parsed into symbols
2021-01-17 22:53:21 [main] INFO  edu.epam.composite.parser.LexemeParser - Lexeme parsed into words and symbols
2021-01-17 22:53:21 [main] INFO  edu.epam.composite.parser.WordParser - Word parsed into symbols
2021-01-17 22:53:21 [main] INFO  edu.epam.composite.parser.LexemeParser - Lexeme parsed into words and symbols
2021-01-17 22:53:21 [main] INFO  edu.epam.composite.parser.WordParser - Word parsed into symbols
2021-01-17 22:53:21 [main] INFO  edu.epam.composite.parser.WordParser - Word parsed into symbols
2021-01-17 22:53:21 [main] INFO  edu.epam.composite.parser.LexemeParser - Lexeme parsed into words and symbols
2021-01-17 22:53:21 [main] INFO  edu.epam.composite.parser.WordParser - Word parsed into symbols
2021-01-17 22:53:21 [main] INFO  edu.epam.composite.parser.LexemeParser - Lexeme parsed into words and symbols
2021-01-17 22:53:21 [main] INFO  edu.epam.composite.parser.WordParser - Word parsed into symbols
2021-01-17 22:53:21 [main] INFO  edu.epam.composite.parser.LexemeParser - Lexeme parsed into words and symbols
2021-01-17 22:53:21 [main] INFO  edu.epam.composite.parser.WordParser - Word parsed into symbols
2021-01-17 22:53:21 [main] INFO  edu.epam.composite.parser.LexemeParser - Lexeme parsed into words and symbols
2021-01-17 22:53:21 [main] INFO  edu.epam.composite.parser.WordParser - Word parsed into symbols
2021-01-17 22:53:21 [main] INFO  edu.epam.composite.parser.LexemeParser - Lexeme parsed into words and symbols
2021-01-17 22:53:21 [main] INFO  edu.epam.composite.parser.WordParser - Word parsed into symbols
2021-01-17 22:53:21 [main] INFO  edu.epam.composite.parser.LexemeParser - Lexeme parsed into words and symbols
2021-01-17 22:53:21 [main] INFO  edu.epam.composite.parser.WordParser - Word parsed into symbols
2021-01-17 22:53:21 [main] INFO  edu.epam.composite.parser.LexemeParser - Lexeme parsed into words and symbols
2021-01-17 22:53:21 [main] INFO  edu.epam.composite.parser.WordParser - Word parsed into symbols
